\BOOKMARK [0][-]{part.1}{I Introducci\363n}{}% 1
\BOOKMARK [0][-]{part.2}{II An\341lisis demogr\341fico y socioecon\363mico}{}% 2
\BOOKMARK [1][-]{section.1}{Departamento de Ayacucho}{part.2}% 3
\BOOKMARK [1][-]{section.2}{Localidad de Leandro N. Alem.}{part.2}% 4
\BOOKMARK [1][-]{section.3}{An\341lisis demogr\341fico}{part.2}% 5
\BOOKMARK [1][-]{section.4}{An\341lisis econ\363mico}{part.2}% 6
\BOOKMARK [1][-]{section.5}{An\341lisis competitivo}{part.2}% 7
\BOOKMARK [2][-]{subsection.5.1}{Wi-Fi p\372blico}{section.5}% 8
\BOOKMARK [2][-]{subsection.5.2}{DirecTV}{section.5}% 9
\BOOKMARK [2][-]{subsection.5.3}{Caracter\355sticas del servicio que se desea brindar}{section.5}% 10
\BOOKMARK [2][-]{subsection.5.4}{Televisi\363n}{section.5}% 11
\BOOKMARK [2][-]{subsection.5.5}{Internet}{section.5}% 12
\BOOKMARK [2][-]{subsection.5.6}{Precio, contenido y alcance del servicio}{section.5}% 13
\BOOKMARK [1][-]{section.6}{Modelo de consumo}{part.2}% 14
\BOOKMARK [2][-]{subsection.6.1}{TV}{section.6}% 15
\BOOKMARK [2][-]{subsection.6.2}{VoIP}{section.6}% 16
\BOOKMARK [2][-]{subsection.6.3}{Internet}{section.6}% 17
\BOOKMARK [0][-]{part.3}{III Red inal\341mbrica}{}% 18
\BOOKMARK [1][-]{section.7}{Red troncal con radioenlace}{part.3}% 19
\BOOKMARK [2][-]{subsection.7.1}{Determinaci\363n de las frecuencias a utilizar para la transimisi\363n}{section.7}% 20
\BOOKMARK [2][-]{subsection.7.2}{Determinaci\363n de los equipos para el radioenlace troncal}{section.7}% 21
\BOOKMARK [2][-]{subsection.7.3}{Determinaci\363n y simulaci\363n de los distintos enlaces}{section.7}% 22
\BOOKMARK [3][-]{subsubsection.7.3.1}{Conexi\363n directa}{subsection.7.3}% 23
\BOOKMARK [3][-]{subsubsection.7.3.2}{Primera conexi\363n alternativa con repetidor}{subsection.7.3}% 24
\BOOKMARK [3][-]{subsubsection.7.3.3}{Segunda conexi\363n alternativa con repetidor}{subsection.7.3}% 25
\BOOKMARK [3][-]{subsubsection.7.3.4}{Elecci\363n del tipo de enlace}{subsection.7.3}% 26
\BOOKMARK [2][-]{subsection.7.4}{C\341lculos anal\355ticos}{section.7}% 27
\BOOKMARK [3][-]{subsubsection.7.4.1}{Ganancia del sistema}{subsection.7.4}% 28
\BOOKMARK [3][-]{subsubsection.7.4.2}{P\351rdidas del sistema}{subsection.7.4}% 29
\BOOKMARK [3][-]{subsubsection.7.4.3}{Presupuesto de potencia completo}{subsection.7.4}% 30
\BOOKMARK [1][-]{section.8}{Red de acceso con radioenlace}{part.3}% 31
\BOOKMARK [0][-]{part.4}{IV Red de fibra \363ptica}{}% 32
\BOOKMARK [1][-]{section.9}{Red troncal con fibra \363ptica}{part.4}% 33
\BOOKMARK [1][-]{section.10}{Red de acceso con fibra \363ptica}{part.4}% 34
\BOOKMARK [0][-]{part.5}{V Comparaci\363n de ambas soluciones}{}% 35
\BOOKMARK [0][-]{part.6}{VI Propuesta de la empresa}{}% 36
\BOOKMARK [0][-]{part.7}{VII An\341lisis econ\363mico}{}% 37
\BOOKMARK [0][-]{part.8}{VIII Conclusiones}{}% 38
\BOOKMARK [0][-]{part.9}{IX Anexos y referencias}{}% 39
